{"/Users/james/Projects/json-form-data/src/form-data.js": {"path":"/Users/james/Projects/json-form-data/src/form-data.js","statementMap":{"0":{"start":{"line":4,"column":4},"end":{"line":20,"column":5}},"1":{"start":{"line":5,"column":6},"end":{"line":7,"column":7}},"2":{"start":{"line":6,"column":8},"end":{"line":6,"column":82}},"3":{"start":{"line":9,"column":6},"end":{"line":11,"column":7}},"4":{"start":{"line":10,"column":8},"end":{"line":10,"column":82}},"5":{"start":{"line":12,"column":6},"end":{"line":12,"column":41}},"6":{"start":{"line":24,"column":17},"end":{"line":24,"column":19}},"7":{"start":{"line":25,"column":4},"end":{"line":25,"column":31}},"8":{"start":{"line":26,"column":4},"end":{"line":43,"column":5}},"9":{"start":{"line":27,"column":22},"end":{"line":27,"column":38}},"10":{"start":{"line":29,"column":6},"end":{"line":42,"column":7}},"11":{"start":{"line":31,"column":8},"end":{"line":31,"column":42}},"12":{"start":{"line":34,"column":11},"end":{"line":42,"column":7}},"13":{"start":{"line":35,"column":8},"end":{"line":41,"column":9}},"14":{"start":{"line":36,"column":10},"end":{"line":36,"column":68}},"15":{"start":{"line":36,"column":33},"end":{"line":36,"column":68}},"16":{"start":{"line":37,"column":15},"end":{"line":41,"column":9}},"17":{"start":{"line":38,"column":10},"end":{"line":38,"column":45}},"18":{"start":{"line":40,"column":10},"end":{"line":40,"column":45}},"19":{"start":{"line":44,"column":4},"end":{"line":44,"column":16}}},"fnMap":{"0":{"name":"(anonymous_0)","decl":{"start":{"line":3,"column":2},"end":{"line":3,"column":3}},"loc":{"start":{"line":3,"column":20},"end":{"line":21,"column":3}},"line":3},"1":{"name":"(anonymous_1)","decl":{"start":{"line":23,"column":2},"end":{"line":23,"column":3}},"loc":{"start":{"line":23,"column":19},"end":{"line":45,"column":3}},"line":23}},"branchMap":{"0":{"loc":{"start":{"line":5,"column":6},"end":{"line":7,"column":7}},"type":"if","locations":[{"start":{"line":5,"column":6},"end":{"line":7,"column":7}},{"start":{"line":5,"column":6},"end":{"line":7,"column":7}}],"line":5},"1":{"loc":{"start":{"line":9,"column":6},"end":{"line":11,"column":7}},"type":"if","locations":[{"start":{"line":9,"column":6},"end":{"line":11,"column":7}},{"start":{"line":9,"column":6},"end":{"line":11,"column":7}}],"line":9},"2":{"loc":{"start":{"line":29,"column":6},"end":{"line":42,"column":7}},"type":"if","locations":[{"start":{"line":29,"column":6},"end":{"line":42,"column":7}},{"start":{"line":29,"column":6},"end":{"line":42,"column":7}}],"line":29},"3":{"loc":{"start":{"line":34,"column":11},"end":{"line":42,"column":7}},"type":"if","locations":[{"start":{"line":34,"column":11},"end":{"line":42,"column":7}},{"start":{"line":34,"column":11},"end":{"line":42,"column":7}}],"line":34},"4":{"loc":{"start":{"line":35,"column":8},"end":{"line":41,"column":9}},"type":"if","locations":[{"start":{"line":35,"column":8},"end":{"line":41,"column":9}},{"start":{"line":35,"column":8},"end":{"line":41,"column":9}}],"line":35},"5":{"loc":{"start":{"line":35,"column":12},"end":{"line":35,"column":67}},"type":"binary-expr","locations":[{"start":{"line":35,"column":12},"end":{"line":35,"column":39}},{"start":{"line":35,"column":43},"end":{"line":35,"column":67}}],"line":35},"6":{"loc":{"start":{"line":36,"column":10},"end":{"line":36,"column":68}},"type":"if","locations":[{"start":{"line":36,"column":10},"end":{"line":36,"column":68}},{"start":{"line":36,"column":10},"end":{"line":36,"column":68}}],"line":36},"7":{"loc":{"start":{"line":37,"column":15},"end":{"line":41,"column":9}},"type":"if","locations":[{"start":{"line":37,"column":15},"end":{"line":41,"column":9}},{"start":{"line":37,"column":15},"end":{"line":41,"column":9}}],"line":37}},"s":{"0":0,"1":0,"2":0,"3":0,"4":0,"5":0,"6":0,"7":0,"8":0,"9":0,"10":0,"11":0,"12":0,"13":0,"14":0,"15":0,"16":0,"17":0,"18":0,"19":0},"f":{"0":0,"1":0},"b":{"0":[0,0],"1":[0,0],"2":[0,0],"3":[0,0],"4":[0,0],"5":[0,0],"6":[0,0],"7":[0,0]},"_coverageSchema":"43e27e138ebf9cfc5966b082cf9a028302ed4184","hash":"9ab1343c628c67861b111ccf6341be7a38fe98cc"}
}
