TN:
SF:/Users/james/Projects/json-form-data/src/form-data.js
FN:3,(anonymous_0)
FN:23,(anonymous_1)
FNF:2
FNH:2
FNDA:14,(anonymous_0)
FNDA:12,(anonymous_1)
DA:4,14
DA:5,14
DA:6,1
DA:9,13
DA:10,1
DA:12,12
DA:24,12
DA:25,12
DA:26,19
DA:28,19
DA:29,14
DA:30,8
DA:31,6
DA:32,1
DA:34,5
DA:38,11
LF:16
LH:16
BRDA:5,0,0,1
BRDA:5,0,1,13
BRDA:9,1,0,1
BRDA:9,1,1,12
BRDA:28,2,0,14
BRDA:28,2,1,5
BRDA:28,3,0,19
BRDA:28,3,1,15
BRDA:29,4,0,8
BRDA:29,4,1,6
BRDA:29,5,0,14
BRDA:29,5,1,12
BRDA:30,6,0,2
BRDA:30,6,1,6
BRDA:31,7,0,1
BRDA:31,7,1,5
BRF:16
BRH:16
end_of_record
